1488543390430	geckodriver	INFO	Listening on 127.0.0.1:50581
1488543390936	mozprofile::profile	INFO	Using profile path C:\Users\UYTKOW~1\AppData\Local\Temp\rust_mozprofile.NE6rdPk5UzON
1488543390942	geckodriver::marionette	INFO	Starting browser C:\Program Files (x86)\Mozilla Firefox\firefox.exe
1488543391043	geckodriver::marionette	INFO	Connecting to Marionette on localhost:50585
1488543402698	Marionette	INFO	Listening on port 50585
[Child 9508] WARNING: pipe error: 109: file c:/builds/moz2_slave/m-rel-w32-00000000000000000000/build/src/ipc/chromium/src/chrome/common/ipc_channel_win.cc, line 346
[Child 9508] WARNING: pipe error: 109: file c:/builds/moz2_slave/m-rel-w32-00000000000000000000/build/src/ipc/chromium/src/chrome/common/ipc_channel_win.cc, line 346
NFO	Connecting to Marionette on localhost:50676
1488543467897	Marionette	INFO	Listening on port 50676
[Child 11164] WARNING: pipe error: 109: file c:/builds/moz2_slave/m-rel-w32-00000000000000000000/build/src/ipc/chromium/src/chrome/common/ipc_channel_win.cc, line 346
[Child 11164] WARNING: pipe error: 109: file c:/builds/moz2_slave/m-rel-w32-00000000000000000000/build/src/ipc/chromium/src/chrome/common/ipc_channel_win.cc, line 346
O	Connecting to Marionette on localhost:50820
1488543506095	Marionette	INFO	Listening on port 50820
[Child 7504] WARNING: pipe error: 109: file c:/builds/moz2_slave/m-rel-w32-00000000000000000000/build/src/ipc/chromium/src/chrome/common/ipc_channel_win.cc, line 346
[Child 7504] WARNING: pipe error: 109: file c:/builds/moz2_slave/m-rel-w32-00000000000000000000/build/src/ipc/chromium/src/chrome/common/ipc_channel_win.cc, line 346
NFO	Connecting to Marionette on localhost:50956
1488543546072	Marionette	INFO	Listening on port 50956
[Child 8832] WARNING: pipe error: 109: file c:/builds/moz2_slave/m-rel-w32-00000000000000000000/build/src/ipc/chromium/src/chrome/common/ipc_channel_win.cc, line 346
[Child 8832] WARNING: pipe error: 109: file c:/builds/moz2_slave/m-rel-w32-00000000000000000000/build/src/ipc/chromium/src/chrome/common/ipc_channel_win.cc, line 346
NFO	Connecting to Marionette on localhost:51157
1488543662837	Marionette	INFO	Listening on port 51157
[Child 9916] WARNING: pipe error: 109: file c:/builds/moz2_slave/m-rel-w32-00000000000000000000/build/src/ipc/chromium/src/chrome/common/ipc_channel_win.cc, line 346
1488543799148	geckodriver	INFO	Listening on 127.0.0.1:51357
1488543799649	mozprofile::profile	INFO	Using profile path C:\Users\UYTKOW~1\AppData\Local\Temp\rust_mozprofile.tMlYG50TKtTe
1488543799651	geckodriver::marionette	INFO	Starting browser C:\Program Files (x86)\Mozilla Firefox\firefox.exe
1488543799659	geckodriver::marionette	INFO	Connecting to Marionette on localhost:51361
1488543802220	Marionette	INFO	Listening on port 51361
1488544042717	geckodriver	INFO	Listening on 127.0.0.1:52215
1488544043211	mozprofile::profile	INFO	Using profile path C:\Users\UYTKOW~1\AppData\Local\Temp\rust_mozprofile.LTItmaF8thaR
1488544043214	geckodriver::marionette	INFO	Starting browser C:\Program Files (x86)\Mozilla Firefox\firefox.exe
1488544043222	geckodriver::marionette	INFO	Connecting to Marionette on localhost:52220
1488544044677	Marionette	INFO	Listening on port 52220
[Child 7688] WARNING: pipe error: 109: file c:/builds/moz2_slave/m-rel-w32-00000000000000000000/build/src/ipc/chromium/src/chrome/common/ipc_channel_win.cc, line 346
ile.zmWR5RI3gscj
1488544073847	geckodriver::marionette	INFO	Starting browser C:\Program Files (x86)\Mozilla Firefox\firefox.exe
1488544073855	geckodriver::marionette	INFO	Connecting to Marionette on localhost:52251
1488544075422	Marionette	INFO	Listening on port 52251
[Child 11612] WARNING: pipe error: 109: file c:/builds/moz2_slave/m-rel-w32-00000000000000000000/build/src/ipc/chromium/src/chrome/common/ipc_channel_win.cc, line 346
[Child 11612] WARNING: pipe error: 109: file c:/builds/moz2_slave/m-rel-w32-00000000000000000000/build/src/ipc/chromium/src/chrome/common/ipc_channel_win.cc, line 346
1488544106750	geckodriver	INFO	Listening on 127.0.0.1:52287
1488544107248	mozprofile::profile	INFO	Using profile path C:\Users\UYTKOW~1\AppData\Local\Temp\rust_mozprofile.ouPEcFdtPJZG
1488544107250	geckodriver::marionette	INFO	Starting browser C:\Program Files (x86)\Mozilla Firefox\firefox.exe
1488544107259	geckodriver::marionette	INFO	Connecting to Marionette on localhost:52291
1488544109077	Marionette	INFO	Listening on port 52291
[Child 7612] WARNING: pipe error: 109: file c:/builds/moz2_slave/m-rel-w32-00000000000000000000/build/src/ipc/chromium/src/chrome/common/ipc_channel_win.cc, line 346
1488544562154	geckodriver	INFO	Listening on 127.0.0.1:52672
1488544562651	mozprofile::profile	INFO	Using profile path C:\Users\UYTKOW~1\AppData\Local\Temp\rust_mozprofile.v46Y8yR66uxC
1488544562653	geckodriver::marionette	INFO	Starting browser C:\Program Files (x86)\Mozilla Firefox\firefox.exe
1488544562661	geckodriver::marionette	INFO	Connecting to Marionette on localhost:52676
1488544564390	Marionette	INFO	Listening on port 52676
[Child 7660] WARNING: pipe error: 109: file c:/builds/moz2_slave/m-rel-w32-00000000000000000000/build/src/ipc/chromium/src/chrome/common/ipc_channel_win.cc, line 346
ile.tnWDfq5GhHpH
1488544659175	geckodriver::marionette	INFO	Starting browser C:\Program Files (x86)\Mozilla Firefox\firefox.exe
1488544659183	geckodriver::marionette	INFO	Connecting to Marionette on localhost:52860
1488544660694	Marionette	INFO	Listening on port 52860
[Child 11428] WARNING: pipe error: 109: file c:/builds/moz2_slave/m-rel-w32-00000000000000000000/build/src/ipc/chromium/src/chrome/common/ipc_channel_win.cc, line 346
le.dGtY1IDxKrlC
1488544742449	geckodriver::marionette	INFO	Starting browser C:\Program Files (x86)\Mozilla Firefox\firefox.exe
1488544742458	geckodriver::marionette	INFO	Connecting to Marionette on localhost:53039
1488544743945	Marionette	INFO	Listening on port 53039
[Child 11596] WARNING: pipe error: 109: file c:/builds/moz2_slave/m-rel-w32-00000000000000000000/build/src/ipc/chromium/src/chrome/common/ipc_channel_win.cc, line 346
[Child 11596] WARNING: pipe error: 109: file c:/builds/moz2_slave/m-rel-w32-00000000000000000000/build/src/ipc/chromium/src/chrome/common/ipc_channel_win.cc, line 346
O	Connecting to Marionette on localhost:53368
1488545197968	Marionette	INFO	Listening on port 53368
[Child 11696] WARNING: pipe error: 109: file c:/builds/moz2_slave/m-rel-w32-00000000000000000000/build/src/ipc/chromium/src/chrome/common/ipc_channel_win.cc, line 346
[Child 11696] WARNING: pipe error: 109: file c:/builds/moz2_slave/m-rel-w32-00000000000000000000/build/src/ipc/chromium/src/chrome/common/ipc_channel_win.cc, line 346
O	Connecting to Marionette on localhost:53429
1488545227350	Marionette	INFO	Listening on port 53429
[Child 12232] WARNING: pipe error: 109: file c:/builds/moz2_slave/m-rel-w32-00000000000000000000/build/src/ipc/chromium/src/chrome/common/ipc_channel_win.cc, line 346
[Child 12232] WARNING: pipe error: 109: file c:/builds/moz2_slave/m-rel-w32-00000000000000000000/build/src/ipc/chromium/src/chrome/common/ipc_channel_win.cc, line 346
O	Connecting to Marionette on localhost:53637
1488545262178	Marionette	INFO	Listening on port 53637
[Child 11112] WARNING: pipe error: 109: file c:/builds/moz2_slave/m-rel-w32-00000000000000000000/build/src/ipc/chromium/src/chrome/common/ipc_channel_win.cc, line 346
[Child 11112] WARNING: pipe error: 109: file c:/builds/moz2_slave/m-rel-w32-00000000000000000000/build/src/ipc/chromium/src/chrome/common/ipc_channel_win.cc, line 346
1488545591095	geckodriver	INFO	Listening on 127.0.0.1:54022
1488545591624	mozprofile::profile	INFO	Using profile path C:\Users\UYTKOW~1\AppData\Local\Temp\rust_mozprofile.5RSc1OhwuODn
1488545591626	geckodriver::marionette	INFO	Starting browser C:\Program Files (x86)\Mozilla Firefox\firefox.exe
1488545591636	geckodriver::marionette	INFO	Connecting to Marionette on localhost:54026
1488545594379	Marionette	INFO	Listening on port 54026
[Child 9556] WARNING: pipe error: 109: file c:/builds/moz2_slave/m-rel-w32-00000000000000000000/build/src/ipc/chromium/src/chrome/common/ipc_channel_win.cc, line 346
[Child 9556] WARNING: pipe error: 109: file c:/builds/moz2_slave/m-rel-w32-00000000000000000000/build/src/ipc/chromium/src/chrome/common/ipc_channel_win.cc, line 346
NFO	Connecting to Marionette on localhost:54160
1488545627090	Marionette	INFO	Listening on port 54160
[Child 9912] WARNING: pipe error: 109: file c:/builds/moz2_slave/m-rel-w32-00000000000000000000/build/src/ipc/chromium/src/chrome/common/ipc_channel_win.cc, line 346
[Child 9912] WARNING: pipe error: 109: file c:/builds/moz2_slave/m-rel-w32-00000000000000000000/build/src/ipc/chromium/src/chrome/common/ipc_channel_win.cc, line 346
NFO	Connecting to Marionette on localhost:54820
1488546231971	Marionette	INFO	Listening on port 54820
[Child 8356] WARNING: pipe error: 109: file c:/builds/moz2_slave/m-rel-w32-00000000000000000000/build/src/ipc/chromium/src/chrome/common/ipc_channel_win.cc, line 346
ile.AYRJ4SQAUUQD
1488546294300	geckodriver::marionette	INFO	Starting browser C:\Program Files (x86)\Mozilla Firefox\firefox.exe
1488546294309	geckodriver::marionette	INFO	Connecting to Marionette on localhost:54958
1488546295675	Marionette	INFO	Listening on port 54958
[Child 11188] WARNING: pipe error: 109: file c:/builds/moz2_slave/m-rel-w32-00000000000000000000/build/src/ipc/chromium/src/chrome/common/ipc_channel_win.cc, line 346
[Child 11188] WARNING: pipe error: 109: file c:/builds/moz2_slave/m-rel-w32-00000000000000000000/build/src/ipc/chromium/src/chrome/common/ipc_channel_win.cc, line 346
O	Connecting to Marionette on localhost:55177
1488546468312	Marionette	INFO	Listening on port 55177
[Child 248] WARNING: pipe error: 109: file c:/builds/moz2_slave/m-rel-w32-00000000000000000000/build/src/ipc/chromium/src/chrome/common/ipc_channel_win.cc, line 346
file.lZHyoqnensp5
1488546497186	geckodriver::marionette	INFO	Starting browser C:\Program Files (x86)\Mozilla Firefox\firefox.exe
1488546497194	geckodriver::marionette	INFO	Connecting to Marionette on localhost:55232
1488546499853	Marionette	INFO	Listening on port 55232
[Child 4108] WARNING: pipe error: 109: file c:/builds/moz2_slave/m-rel-w32-00000000000000000000/build/src/ipc/chromium/src/chrome/common/ipc_channel_win.cc, line 346
1488546890377	geckodriver	INFO	Listening on 127.0.0.1:55656
1488546890872	mozprofile::profile	INFO	Using profile path C:\Users\UYTKOW~1\AppData\Local\Temp\rust_mozprofile.ECp6niYTeMRS
1488546890875	geckodriver::marionette	INFO	Starting browser C:\Program Files (x86)\Mozilla Firefox\firefox.exe
1488546890883	geckodriver::marionette	INFO	Connecting to Marionette on localhost:55660
1488546893276	Marionette	INFO	Listening on port 55660

###!!! [Parent][OnMaybeDequeueOne] Error: Channel error: cannot send/recv


###!!! [Parent][OnMaybeDequeueOne] Error: Channel error: cannot send/recv


###!!! [Parent][OnMaybeDequeueOne] Error: Channel error: cannot send/recv


###!!! [Parent][OnMaybeDequeueOne] Error: Channel error: cannot send/recv

console.error: 
  Message: Error: SessionFile is closed
  Stack:
    SessionFileInternal.write@resource://app/modules/sessionstore/SessionFile.jsm:315:29
this.SessionFile.write@resource://app/modules/sessionstore/SessionFile.jsm:76:12
SessionSaverInternal._writeState@resource://app/modules/sessionstore/SessionSaver.jsm:259:12
SessionSaverInternal._saveState@resource://app/modules/sessionstore/SessionSaver.jsm:230:12
SessionSaverInternal._saveStateAsync@resource://app/modules/sessionstore/SessionSaver.jsm:243:5
SessionSaverInternal.runDelayed/th
###!!! [Parent][OnMaybeDequeueOne] Error: Channel error: cannot send/recv


###!!! [Parent][OnMaybeDequeueOne] Error: Channel error: cannot send/recv

console.error: 
  Message: Error: SessionFile is closed
  Stack:
    SessionFileInternal.write@resource://app/modules/sessionstore/SessionFile.jsm:315:29
this.SessionFile.write@resource://app/modules/sessionstore/SessionFile.jsm:76:12
SessionSaverInternal._writeState@resource://app/modules/sessionstore/SessionSaver.jsm:259:12
SessionSaverInternal._saveState@resource://app/modules/sessionstore/SessionSaver.jsm:230:12
SessionSaverInternal._saveStateAsync@resource://app/modules/sessionstore/SessionSaver.jsm:243:5
SessionSaverInternal.runDelayed/this._timeoutID<@resource://app/modules/sessionstore/SessionSaver.jsm:147:40
setTimeout_timer@resource://gre/modules/Timer.jsm:30:5

istening on port 55937
console.error: 
  Message: Error: SessionFile is closed
  Stack:
    SessionFileInternal.write@resource://app/modules/sessionstore/SessionFile.jsm:315:29
this.SessionFile.write@resource://app/modules/sessionstore/SessionFile.jsm:76:12
SessionSaverInternal._writeState@resource://app/modules/sessionstore/SessionSaver.jsm:259:12
SessionSaverInternal._saveState@resource://app/modules/sessionstore/SessionSaver.jsm:230:12
SessionSavconsole.error: 
  Message: Error: SessionFile is closed
  Stack:
    SessionFileInternal.write@resource://app/modules/sessionstore/SessionFile.jsm:315:29
this.SessionFile.write@resource://app/modules/sessionstore/SessionFile.jsm:76:12
SessionSaverInternal._writeState@resource://app/modules/sessionstore/SessionSaver.jsm:259:12
SessionSaverInternal._saveState@resource://app/modules/sessionstore/SessionSaver.jsm:230:12
SessionSaverInternal._saveStateAsync@resource://app/modules/sessionstore/SessionSaver.jsm:243:5
SessionSaverInternal.runDelayed/this._timeoutID<@resource://app/modules/sessionstore/SessionSaver.jsm:147:40
setTimeout_timer@resource://gre/modules/Timer.jsm:30:5

ernal._writeState@resource://app/modules/sessionstore/SessionSaver.jsm:259:12
SessionSaverInternal._saveState@resource://app/modules/sessionstore/SessionSaver.jsm:230:12
SessionSaverInternal._saveStateAsync@resource://app/modules/sessionstore/SessionSaver.jsm:243:5
SessionSaverInternal.runDelayed/this._timeoutID<@resource://app/modules/sessionstore/SessionSaver.jsm:147:40
setTimeout_timer@resource://gre/modules/Timer.jsm:30:5


###!!! [Parent][OnMaybeDequeueOne] Error: Channel error: cannot send/recv

store/SessionFile.jsm:76:12
SessionSaverInternal._writeState@resource://app/modules/sessionstore/SessionSaver.jsm:259:12
SessionSaverInternal._saveState@resource://app/modules/sessionstore/SessionSaver.jsm:230:12
SessionSaverInternal._saveStateAsync@resource://app/modules/sessionstore/SessionSaver.jsm:243:5
SessionSaverInternal.runDelayed/this._timeoutID<@resource://app/modules/sessionstore/SessionSaver.jsm:147:40
setTimeout_timer@resource://gre/modules/Timer.jsm:30:5


###!!! [Parent][OnMaybeDequeueOne] Error: Channel error: cannot send/recv


###!!! [Parent][OnMaybeDequeueOne] Error: Channel error: cannot send/recv

Using profile path C:\Users\UYTKOW~1\AppData\Local\Temp\rust_mozprofile.uO3KBdQ9Lggo
1488571745232	geckodriver::marionette	INFO	Starting browser C:\Program Files (x86)\Mozilla Firefox\firefox.exe
1488571745243	geckodriver::marionette	INFO	Connecting to Marionette on localhost:60312
1488571747551	Marionette	INFO	Listening on port 60312
